2022-03-25 17:59:28,417 INFO br.jus.jfsp.nuit.contadoria.Application [main] Starting Application using Java 11.0.11 on worker01 with PID 216184 (/home/rodrigo/dsv/workspace/webservice-contadoria-api/target/classes started by rodrigo in /home/rodrigo/dsv/workspace/webservice-contadoria-api)
2022-03-25 17:59:28,419 INFO br.jus.jfsp.nuit.contadoria.Application [main] No active profile set, falling back to default profiles: default
2022-03-25 17:59:28,420 INFO org.hibernate.validator.internal.util.Version [background-preinit] HV000001: Hibernate Validator 6.0.13.Final
2022-03-25 17:59:28,868 INFO org.springframework.data.repository.config.RepositoryConfigurationDelegate [main] Bootstrapping Spring Data JPA repositories in DEFAULT mode.
2022-03-25 17:59:28,927 INFO org.springframework.data.repository.config.RepositoryConfigurationDelegate [main] Finished Spring Data repository scanning in 56 ms. Found 28 JPA repository interfaces.
2022-03-25 17:59:29,286 INFO org.springframework.boot.web.embedded.tomcat.TomcatWebServer [main] Tomcat initialized with port(s): 8081 (http)
2022-03-25 17:59:29,291 INFO org.apache.coyote.http11.Http11NioProtocol [main] Initializing ProtocolHandler ["http-nio-8081"]
2022-03-25 17:59:29,291 INFO org.apache.catalina.core.StandardService [main] Starting service [Tomcat]
2022-03-25 17:59:29,291 INFO org.apache.catalina.core.StandardEngine [main] Starting Servlet engine: [Apache Tomcat/9.0.45]
2022-03-25 17:59:29,359 INFO org.apache.catalina.core.ContainerBase.[Tomcat].[localhost].[/] [main] Initializing Spring embedded WebApplicationContext
2022-03-25 17:59:29,359 INFO org.springframework.boot.web.servlet.context.ServletWebServerApplicationContext [main] Root WebApplicationContext: initialization completed in 911 ms
2022-03-25 17:59:29,459 INFO org.hibernate.jpa.internal.util.LogHelper [main] HHH000204: Processing PersistenceUnitInfo [name: default]
2022-03-25 17:59:29,481 INFO org.hibernate.Version [main] HHH000412: Hibernate ORM core version 5.4.30.Final
2022-03-25 17:59:29,527 INFO org.hibernate.annotations.common.Version [main] HCANN000001: Hibernate Commons Annotations {5.1.2.Final}
2022-03-25 17:59:29,586 INFO com.zaxxer.hikari.HikariDataSource [main] HikariPool-1 - Starting...
2022-03-25 17:59:29,621 INFO com.zaxxer.hikari.HikariDataSource [main] HikariPool-1 - Start completed.
2022-03-25 17:59:29,629 INFO org.hibernate.dialect.Dialect [main] HHH000400: Using dialect: org.hibernate.dialect.PostgreSQL10Dialect
2022-03-25 17:59:29,667 INFO org.hibernate.envers.boot.internal.EnversServiceImpl [main] Envers integration enabled? : true
2022-03-25 17:59:30,708 INFO org.hibernate.engine.transaction.jta.platform.internal.JtaPlatformInitiator [main] HHH000490: Using JtaPlatform implementation: [org.hibernate.engine.transaction.jta.platform.internal.NoJtaPlatform]
2022-03-25 17:59:30,712 INFO org.springframework.orm.jpa.LocalContainerEntityManagerFactoryBean [main] Initialized JPA EntityManagerFactory for persistence unit 'default'
2022-03-25 17:59:31,873 WARN org.springframework.boot.autoconfigure.orm.jpa.JpaBaseConfiguration$JpaWebConfiguration [main] spring.jpa.open-in-view is enabled by default. Therefore, database queries may be performed during view rendering. Explicitly configure spring.jpa.open-in-view to disable this warning
2022-03-25 17:59:32,002 INFO org.springframework.scheduling.concurrent.ThreadPoolTaskExecutor [main] Initializing ExecutorService 'applicationTaskExecutor'
2022-03-25 17:59:32,178 INFO org.springframework.scheduling.concurrent.ThreadPoolTaskScheduler [main] Initializing ExecutorService 'taskScheduler'
2022-03-25 17:59:32,195 INFO org.apache.coyote.http11.Http11NioProtocol [main] Starting ProtocolHandler ["http-nio-8081"]
2022-03-25 17:59:32,204 INFO org.springframework.boot.web.embedded.tomcat.TomcatWebServer [main] Tomcat started on port(s): 8081 (http) with context path ''
2022-03-25 17:59:32,212 INFO br.jus.jfsp.nuit.contadoria.Application [main] Started Application in 3.991 seconds (JVM running for 4.273)
2022-03-25 17:59:40,001 INFO br.jus.jfsp.nuit.contadoria.service.BtnMensalService [scheduling-1] Iniciando importação BTN Mensal
2022-03-25 17:59:40,353 INFO br.jus.jfsp.nuit.contadoria.service.BtnMensalService [scheduling-1] Encerrando importação BTN Mensal
2022-03-25 17:59:42,116 INFO org.springframework.scheduling.concurrent.ThreadPoolTaskScheduler [SpringContextShutdownHook] Shutting down ExecutorService 'taskScheduler'
2022-03-25 17:59:42,118 INFO org.springframework.scheduling.concurrent.ThreadPoolTaskExecutor [SpringContextShutdownHook] Shutting down ExecutorService 'applicationTaskExecutor'
2022-03-25 17:59:42,128 INFO org.springframework.orm.jpa.LocalContainerEntityManagerFactoryBean [SpringContextShutdownHook] Closing JPA EntityManagerFactory for persistence unit 'default'
2022-03-25 17:59:42,129 INFO com.zaxxer.hikari.HikariDataSource [SpringContextShutdownHook] HikariPool-1 - Shutdown initiated...
2022-03-25 17:59:42,134 INFO com.zaxxer.hikari.HikariDataSource [SpringContextShutdownHook] HikariPool-1 - Shutdown completed.
2022-03-25 18:02:09,666 INFO org.hibernate.validator.internal.util.Version [background-preinit] HV000001: Hibernate Validator 6.0.13.Final
2022-03-25 18:02:09,668 INFO br.jus.jfsp.nuit.contadoria.Application [main] Starting Application using Java 11.0.11 on worker01 with PID 217096 (/home/rodrigo/dsv/workspace/webservice-contadoria-api/target/classes started by rodrigo in /home/rodrigo/dsv/workspace/webservice-contadoria-api)
2022-03-25 18:02:09,669 INFO br.jus.jfsp.nuit.contadoria.Application [main] No active profile set, falling back to default profiles: default
2022-03-25 18:02:10,109 INFO org.springframework.data.repository.config.RepositoryConfigurationDelegate [main] Bootstrapping Spring Data JPA repositories in DEFAULT mode.
2022-03-25 18:02:10,169 INFO org.springframework.data.repository.config.RepositoryConfigurationDelegate [main] Finished Spring Data repository scanning in 56 ms. Found 28 JPA repository interfaces.
2022-03-25 18:02:10,525 INFO org.springframework.boot.web.embedded.tomcat.TomcatWebServer [main] Tomcat initialized with port(s): 8081 (http)
2022-03-25 18:02:10,529 INFO org.apache.coyote.http11.Http11NioProtocol [main] Initializing ProtocolHandler ["http-nio-8081"]
2022-03-25 18:02:10,529 INFO org.apache.catalina.core.StandardService [main] Starting service [Tomcat]
2022-03-25 18:02:10,529 INFO org.apache.catalina.core.StandardEngine [main] Starting Servlet engine: [Apache Tomcat/9.0.45]
2022-03-25 18:02:10,585 INFO org.apache.catalina.core.ContainerBase.[Tomcat].[localhost].[/] [main] Initializing Spring embedded WebApplicationContext
2022-03-25 18:02:10,585 INFO org.springframework.boot.web.servlet.context.ServletWebServerApplicationContext [main] Root WebApplicationContext: initialization completed in 890 ms
2022-03-25 18:02:10,677 INFO org.hibernate.jpa.internal.util.LogHelper [main] HHH000204: Processing PersistenceUnitInfo [name: default]
2022-03-25 18:02:10,696 INFO org.hibernate.Version [main] HHH000412: Hibernate ORM core version 5.4.30.Final
2022-03-25 18:02:10,739 INFO org.hibernate.annotations.common.Version [main] HCANN000001: Hibernate Commons Annotations {5.1.2.Final}
2022-03-25 18:02:10,797 INFO com.zaxxer.hikari.HikariDataSource [main] HikariPool-1 - Starting...
2022-03-25 18:02:10,833 INFO com.zaxxer.hikari.HikariDataSource [main] HikariPool-1 - Start completed.
2022-03-25 18:02:10,842 INFO org.hibernate.dialect.Dialect [main] HHH000400: Using dialect: org.hibernate.dialect.PostgreSQL10Dialect
2022-03-25 18:02:10,882 INFO org.hibernate.envers.boot.internal.EnversServiceImpl [main] Envers integration enabled? : true
2022-03-25 18:02:11,961 INFO org.hibernate.engine.transaction.jta.platform.internal.JtaPlatformInitiator [main] HHH000490: Using JtaPlatform implementation: [org.hibernate.engine.transaction.jta.platform.internal.NoJtaPlatform]
2022-03-25 18:02:11,965 INFO org.springframework.orm.jpa.LocalContainerEntityManagerFactoryBean [main] Initialized JPA EntityManagerFactory for persistence unit 'default'
2022-03-25 18:02:13,077 WARN org.springframework.boot.autoconfigure.orm.jpa.JpaBaseConfiguration$JpaWebConfiguration [main] spring.jpa.open-in-view is enabled by default. Therefore, database queries may be performed during view rendering. Explicitly configure spring.jpa.open-in-view to disable this warning
2022-03-25 18:02:13,178 INFO org.springframework.scheduling.concurrent.ThreadPoolTaskExecutor [main] Initializing ExecutorService 'applicationTaskExecutor'
2022-03-25 18:02:13,339 INFO org.springframework.scheduling.concurrent.ThreadPoolTaskScheduler [main] Initializing ExecutorService 'taskScheduler'
2022-03-25 18:02:13,354 INFO org.apache.coyote.http11.Http11NioProtocol [main] Starting ProtocolHandler ["http-nio-8081"]
2022-03-25 18:02:13,362 INFO org.springframework.boot.web.embedded.tomcat.TomcatWebServer [main] Tomcat started on port(s): 8081 (http) with context path ''
2022-03-25 18:02:13,369 INFO br.jus.jfsp.nuit.contadoria.Application [main] Started Application in 3.902 seconds (JVM running for 4.175)
2022-03-25 18:02:20,002 INFO br.jus.jfsp.nuit.contadoria.service.BtnMensalService [scheduling-1] Iniciando importação BTN Mensal
2022-03-25 18:02:22,538 INFO br.jus.jfsp.nuit.contadoria.service.BtnMensalService [scheduling-1] Encerrando importação BTN Mensal
2022-03-25 18:02:30,000 INFO br.jus.jfsp.nuit.contadoria.service.BtnMensalService [scheduling-1] Iniciando importação BTN Mensal
2022-03-25 18:02:30,563 INFO br.jus.jfsp.nuit.contadoria.service.BtnMensalService [scheduling-1] Encerrando importação BTN Mensal
2022-03-25 18:02:40,001 INFO br.jus.jfsp.nuit.contadoria.service.BtnMensalService [scheduling-1] Iniciando importação BTN Mensal
2022-03-25 18:02:43,204 INFO br.jus.jfsp.nuit.contadoria.service.BtnMensalService [scheduling-1] Encerrando importação BTN Mensal
2022-03-25 18:02:50,000 INFO br.jus.jfsp.nuit.contadoria.service.BtnMensalService [scheduling-1] Iniciando importação BTN Mensal
2022-03-25 18:02:50,114 INFO br.jus.jfsp.nuit.contadoria.service.BtnMensalService [scheduling-1] Encerrando importação BTN Mensal
2022-03-25 18:03:00,000 INFO br.jus.jfsp.nuit.contadoria.service.BtnMensalService [scheduling-1] Iniciando importação BTN Mensal
2022-03-25 18:03:00,101 INFO br.jus.jfsp.nuit.contadoria.service.BtnMensalService [scheduling-1] Encerrando importação BTN Mensal
2022-03-25 18:03:10,000 INFO br.jus.jfsp.nuit.contadoria.service.BtnMensalService [scheduling-1] Iniciando importação BTN Mensal
2022-03-25 18:03:10,112 INFO br.jus.jfsp.nuit.contadoria.service.BtnMensalService [scheduling-1] Encerrando importação BTN Mensal
2022-03-25 18:03:20,000 INFO br.jus.jfsp.nuit.contadoria.service.BtnMensalService [scheduling-1] Iniciando importação BTN Mensal
2022-03-25 18:03:20,111 INFO br.jus.jfsp.nuit.contadoria.service.BtnMensalService [scheduling-1] Encerrando importação BTN Mensal
2022-03-25 18:03:30,001 INFO br.jus.jfsp.nuit.contadoria.service.BtnMensalService [scheduling-1] Iniciando importação BTN Mensal
2022-03-25 18:03:30,770 INFO br.jus.jfsp.nuit.contadoria.service.BtnMensalService [scheduling-1] Encerrando importação BTN Mensal
2022-03-25 18:03:40,001 INFO br.jus.jfsp.nuit.contadoria.service.BtnMensalService [scheduling-1] Iniciando importação BTN Mensal
2022-03-25 18:03:40,134 INFO br.jus.jfsp.nuit.contadoria.service.BtnMensalService [scheduling-1] Encerrando importação BTN Mensal
2022-03-25 18:03:50,001 INFO br.jus.jfsp.nuit.contadoria.service.BtnMensalService [scheduling-1] Iniciando importação BTN Mensal
2022-03-25 18:03:50,104 INFO br.jus.jfsp.nuit.contadoria.service.BtnMensalService [scheduling-1] Encerrando importação BTN Mensal
2022-03-25 18:04:00,000 INFO br.jus.jfsp.nuit.contadoria.service.BtnMensalService [scheduling-1] Iniciando importação BTN Mensal
2022-03-25 18:04:00,109 INFO br.jus.jfsp.nuit.contadoria.service.BtnMensalService [scheduling-1] Encerrando importação BTN Mensal
2022-03-25 18:04:10,000 INFO br.jus.jfsp.nuit.contadoria.service.BtnMensalService [scheduling-1] Iniciando importação BTN Mensal
2022-03-25 18:04:10,107 INFO br.jus.jfsp.nuit.contadoria.service.BtnMensalService [scheduling-1] Encerrando importação BTN Mensal
2022-03-25 18:04:20,000 INFO br.jus.jfsp.nuit.contadoria.service.BtnMensalService [scheduling-1] Iniciando importação BTN Mensal
2022-03-25 18:04:20,113 INFO br.jus.jfsp.nuit.contadoria.service.BtnMensalService [scheduling-1] Encerrando importação BTN Mensal
2022-03-25 18:04:30,001 INFO br.jus.jfsp.nuit.contadoria.service.BtnMensalService [scheduling-1] Iniciando importação BTN Mensal
2022-03-25 18:04:30,108 INFO br.jus.jfsp.nuit.contadoria.service.BtnMensalService [scheduling-1] Encerrando importação BTN Mensal
2022-03-25 18:04:40,000 INFO br.jus.jfsp.nuit.contadoria.service.BtnMensalService [scheduling-1] Iniciando importação BTN Mensal
2022-03-25 18:04:40,107 INFO br.jus.jfsp.nuit.contadoria.service.BtnMensalService [scheduling-1] Encerrando importação BTN Mensal
2022-03-25 18:04:50,001 INFO br.jus.jfsp.nuit.contadoria.service.BtnMensalService [scheduling-1] Iniciando importação BTN Mensal
2022-03-25 18:04:50,121 INFO br.jus.jfsp.nuit.contadoria.service.BtnMensalService [scheduling-1] Encerrando importação BTN Mensal
2022-03-25 18:05:00,001 INFO br.jus.jfsp.nuit.contadoria.service.BtnMensalService [scheduling-1] Iniciando importação BTN Mensal
2022-03-25 18:05:00,117 INFO br.jus.jfsp.nuit.contadoria.service.BtnMensalService [scheduling-1] Encerrando importação BTN Mensal
2022-03-25 18:05:00,555 INFO org.springframework.scheduling.concurrent.ThreadPoolTaskScheduler [SpringContextShutdownHook] Shutting down ExecutorService 'taskScheduler'
2022-03-25 18:05:00,556 INFO org.springframework.scheduling.concurrent.ThreadPoolTaskExecutor [SpringContextShutdownHook] Shutting down ExecutorService 'applicationTaskExecutor'
2022-03-25 18:05:00,567 INFO org.springframework.orm.jpa.LocalContainerEntityManagerFactoryBean [SpringContextShutdownHook] Closing JPA EntityManagerFactory for persistence unit 'default'
2022-03-25 18:05:00,568 INFO com.zaxxer.hikari.HikariDataSource [SpringContextShutdownHook] HikariPool-1 - Shutdown initiated...
2022-03-25 18:05:00,573 INFO com.zaxxer.hikari.HikariDataSource [SpringContextShutdownHook] HikariPool-1 - Shutdown completed.
2022-03-25 18:05:07,135 INFO org.hibernate.validator.internal.util.Version [background-preinit] HV000001: Hibernate Validator 6.0.13.Final
2022-03-25 18:05:07,139 INFO br.jus.jfsp.nuit.contadoria.Application [main] Starting Application using Java 11.0.11 on worker01 with PID 218090 (/home/rodrigo/dsv/workspace/webservice-contadoria-api/target/classes started by rodrigo in /home/rodrigo/dsv/workspace/webservice-contadoria-api)
2022-03-25 18:05:07,141 INFO br.jus.jfsp.nuit.contadoria.Application [main] No active profile set, falling back to default profiles: default
2022-03-25 18:05:07,578 INFO org.springframework.data.repository.config.RepositoryConfigurationDelegate [main] Bootstrapping Spring Data JPA repositories in DEFAULT mode.
2022-03-25 18:05:07,637 INFO org.springframework.data.repository.config.RepositoryConfigurationDelegate [main] Finished Spring Data repository scanning in 55 ms. Found 28 JPA repository interfaces.
2022-03-25 18:05:07,998 INFO org.springframework.boot.web.embedded.tomcat.TomcatWebServer [main] Tomcat initialized with port(s): 8081 (http)
2022-03-25 18:05:08,002 INFO org.apache.coyote.http11.Http11NioProtocol [main] Initializing ProtocolHandler ["http-nio-8081"]
2022-03-25 18:05:08,002 INFO org.apache.catalina.core.StandardService [main] Starting service [Tomcat]
2022-03-25 18:05:08,003 INFO org.apache.catalina.core.StandardEngine [main] Starting Servlet engine: [Apache Tomcat/9.0.45]
2022-03-25 18:05:08,060 INFO org.apache.catalina.core.ContainerBase.[Tomcat].[localhost].[/] [main] Initializing Spring embedded WebApplicationContext
2022-03-25 18:05:08,060 INFO org.springframework.boot.web.servlet.context.ServletWebServerApplicationContext [main] Root WebApplicationContext: initialization completed in 884 ms
2022-03-25 18:05:08,152 INFO org.hibernate.jpa.internal.util.LogHelper [main] HHH000204: Processing PersistenceUnitInfo [name: default]
2022-03-25 18:05:08,172 INFO org.hibernate.Version [main] HHH000412: Hibernate ORM core version 5.4.30.Final
2022-03-25 18:05:08,216 INFO org.hibernate.annotations.common.Version [main] HCANN000001: Hibernate Commons Annotations {5.1.2.Final}
2022-03-25 18:05:08,275 INFO com.zaxxer.hikari.HikariDataSource [main] HikariPool-1 - Starting...
2022-03-25 18:05:08,312 INFO com.zaxxer.hikari.HikariDataSource [main] HikariPool-1 - Start completed.
2022-03-25 18:05:08,321 INFO org.hibernate.dialect.Dialect [main] HHH000400: Using dialect: org.hibernate.dialect.PostgreSQL10Dialect
2022-03-25 18:05:08,362 INFO org.hibernate.envers.boot.internal.EnversServiceImpl [main] Envers integration enabled? : true
2022-03-25 18:05:09,438 INFO org.hibernate.engine.transaction.jta.platform.internal.JtaPlatformInitiator [main] HHH000490: Using JtaPlatform implementation: [org.hibernate.engine.transaction.jta.platform.internal.NoJtaPlatform]
2022-03-25 18:05:09,442 INFO org.springframework.orm.jpa.LocalContainerEntityManagerFactoryBean [main] Initialized JPA EntityManagerFactory for persistence unit 'default'
2022-03-25 18:05:10,564 WARN org.springframework.boot.autoconfigure.orm.jpa.JpaBaseConfiguration$JpaWebConfiguration [main] spring.jpa.open-in-view is enabled by default. Therefore, database queries may be performed during view rendering. Explicitly configure spring.jpa.open-in-view to disable this warning
2022-03-25 18:05:10,666 INFO org.springframework.scheduling.concurrent.ThreadPoolTaskExecutor [main] Initializing ExecutorService 'applicationTaskExecutor'
2022-03-25 18:05:10,822 INFO org.springframework.scheduling.concurrent.ThreadPoolTaskScheduler [main] Initializing ExecutorService 'taskScheduler'
2022-03-25 18:05:10,837 INFO org.apache.coyote.http11.Http11NioProtocol [main] Starting ProtocolHandler ["http-nio-8081"]
2022-03-25 18:05:10,845 INFO org.springframework.boot.web.embedded.tomcat.TomcatWebServer [main] Tomcat started on port(s): 8081 (http) with context path ''
2022-03-25 18:05:10,853 INFO br.jus.jfsp.nuit.contadoria.Application [main] Started Application in 3.909 seconds (JVM running for 4.178)
2022-03-25 18:05:20,002 INFO br.jus.jfsp.nuit.contadoria.service.BtnMensalService [scheduling-1] Iniciando importação BTN Mensal
2022-03-25 18:05:20,425 INFO br.jus.jfsp.nuit.contadoria.service.BtnMensalService [scheduling-1] Encerrando importação BTN Mensal
2022-03-25 18:05:20,425 INFO br.jus.jfsp.nuit.contadoria.service.InpcService [scheduling-1] Iniciando importação INPC
2022-03-25 18:05:20,645 INFO br.jus.jfsp.nuit.contadoria.service.InpcService [scheduling-1] Encerrando importação BTN Mensal
2022-03-25 18:05:30,001 INFO br.jus.jfsp.nuit.contadoria.service.BtnMensalService [scheduling-1] Iniciando importação BTN Mensal
2022-03-25 18:05:30,127 INFO br.jus.jfsp.nuit.contadoria.service.BtnMensalService [scheduling-1] Encerrando importação BTN Mensal
2022-03-25 18:05:30,127 INFO br.jus.jfsp.nuit.contadoria.service.InpcService [scheduling-1] Iniciando importação INPC
2022-03-25 18:05:30,260 INFO br.jus.jfsp.nuit.contadoria.service.InpcService [scheduling-1] Encerrando importação BTN Mensal
2022-03-25 18:05:40,000 INFO br.jus.jfsp.nuit.contadoria.service.BtnMensalService [scheduling-1] Iniciando importação BTN Mensal
2022-03-25 18:05:40,117 INFO br.jus.jfsp.nuit.contadoria.service.BtnMensalService [scheduling-1] Encerrando importação BTN Mensal
2022-03-25 18:05:40,118 INFO br.jus.jfsp.nuit.contadoria.service.InpcService [scheduling-1] Iniciando importação INPC
2022-03-25 18:05:40,294 INFO br.jus.jfsp.nuit.contadoria.service.InpcService [scheduling-1] Encerrando importação BTN Mensal
2022-03-25 18:05:50,001 INFO br.jus.jfsp.nuit.contadoria.service.BtnMensalService [scheduling-1] Iniciando importação BTN Mensal
2022-03-25 18:05:50,114 INFO br.jus.jfsp.nuit.contadoria.service.BtnMensalService [scheduling-1] Encerrando importação BTN Mensal
2022-03-25 18:05:50,114 INFO br.jus.jfsp.nuit.contadoria.service.InpcService [scheduling-1] Iniciando importação INPC
2022-03-25 18:05:50,225 INFO br.jus.jfsp.nuit.contadoria.service.InpcService [scheduling-1] Encerrando importação BTN Mensal
2022-03-25 18:06:00,000 INFO br.jus.jfsp.nuit.contadoria.service.BtnMensalService [scheduling-1] Iniciando importação BTN Mensal
2022-03-25 18:06:00,114 INFO br.jus.jfsp.nuit.contadoria.service.BtnMensalService [scheduling-1] Encerrando importação BTN Mensal
2022-03-25 18:06:00,114 INFO br.jus.jfsp.nuit.contadoria.service.InpcService [scheduling-1] Iniciando importação INPC
2022-03-25 18:06:00,270 INFO br.jus.jfsp.nuit.contadoria.service.InpcService [scheduling-1] Encerrando importação BTN Mensal
2022-03-25 18:06:10,001 INFO br.jus.jfsp.nuit.contadoria.service.BtnMensalService [scheduling-1] Iniciando importação BTN Mensal
2022-03-25 18:06:10,116 INFO br.jus.jfsp.nuit.contadoria.service.BtnMensalService [scheduling-1] Encerrando importação BTN Mensal
2022-03-25 18:06:10,116 INFO br.jus.jfsp.nuit.contadoria.service.InpcService [scheduling-1] Iniciando importação INPC
2022-03-25 18:06:10,238 INFO br.jus.jfsp.nuit.contadoria.service.InpcService [scheduling-1] Encerrando importação BTN Mensal
2022-03-25 18:06:20,000 INFO br.jus.jfsp.nuit.contadoria.service.BtnMensalService [scheduling-1] Iniciando importação BTN Mensal
2022-03-25 18:06:20,114 INFO br.jus.jfsp.nuit.contadoria.service.BtnMensalService [scheduling-1] Encerrando importação BTN Mensal
2022-03-25 18:06:20,114 INFO br.jus.jfsp.nuit.contadoria.service.InpcService [scheduling-1] Iniciando importação INPC
2022-03-25 18:06:20,250 INFO br.jus.jfsp.nuit.contadoria.service.InpcService [scheduling-1] Encerrando importação BTN Mensal
2022-03-25 18:06:30,001 INFO br.jus.jfsp.nuit.contadoria.service.BtnMensalService [scheduling-1] Iniciando importação BTN Mensal
2022-03-25 18:06:30,098 INFO br.jus.jfsp.nuit.contadoria.service.BtnMensalService [scheduling-1] Encerrando importação BTN Mensal
2022-03-25 18:06:30,098 INFO br.jus.jfsp.nuit.contadoria.service.InpcService [scheduling-1] Iniciando importação INPC
2022-03-25 18:06:30,226 INFO br.jus.jfsp.nuit.contadoria.service.InpcService [scheduling-1] Encerrando importação BTN Mensal
2022-03-25 18:06:35,494 INFO org.springframework.scheduling.concurrent.ThreadPoolTaskScheduler [SpringContextShutdownHook] Shutting down ExecutorService 'taskScheduler'
2022-03-25 18:06:35,495 INFO org.springframework.scheduling.concurrent.ThreadPoolTaskExecutor [SpringContextShutdownHook] Shutting down ExecutorService 'applicationTaskExecutor'
2022-03-25 18:06:35,503 INFO org.springframework.orm.jpa.LocalContainerEntityManagerFactoryBean [SpringContextShutdownHook] Closing JPA EntityManagerFactory for persistence unit 'default'
2022-03-25 18:06:35,504 INFO com.zaxxer.hikari.HikariDataSource [SpringContextShutdownHook] HikariPool-1 - Shutdown initiated...
2022-03-25 18:06:35,508 INFO com.zaxxer.hikari.HikariDataSource [SpringContextShutdownHook] HikariPool-1 - Shutdown completed.
2022-03-25 18:06:42,023 INFO org.hibernate.validator.internal.util.Version [background-preinit] HV000001: Hibernate Validator 6.0.13.Final
2022-03-25 18:06:42,027 INFO br.jus.jfsp.nuit.contadoria.Application [main] Starting Application using Java 11.0.11 on worker01 with PID 218566 (/home/rodrigo/dsv/workspace/webservice-contadoria-api/target/classes started by rodrigo in /home/rodrigo/dsv/workspace/webservice-contadoria-api)
2022-03-25 18:06:42,028 INFO br.jus.jfsp.nuit.contadoria.Application [main] No active profile set, falling back to default profiles: default
2022-03-25 18:06:42,462 INFO org.springframework.data.repository.config.RepositoryConfigurationDelegate [main] Bootstrapping Spring Data JPA repositories in DEFAULT mode.
2022-03-25 18:06:42,521 INFO org.springframework.data.repository.config.RepositoryConfigurationDelegate [main] Finished Spring Data repository scanning in 56 ms. Found 28 JPA repository interfaces.
2022-03-25 18:06:42,882 INFO org.springframework.boot.web.embedded.tomcat.TomcatWebServer [main] Tomcat initialized with port(s): 8081 (http)
2022-03-25 18:06:42,886 INFO org.apache.coyote.http11.Http11NioProtocol [main] Initializing ProtocolHandler ["http-nio-8081"]
2022-03-25 18:06:42,886 INFO org.apache.catalina.core.StandardService [main] Starting service [Tomcat]
2022-03-25 18:06:42,886 INFO org.apache.catalina.core.StandardEngine [main] Starting Servlet engine: [Apache Tomcat/9.0.45]
2022-03-25 18:06:42,942 INFO org.apache.catalina.core.ContainerBase.[Tomcat].[localhost].[/] [main] Initializing Spring embedded WebApplicationContext
2022-03-25 18:06:42,943 INFO org.springframework.boot.web.servlet.context.ServletWebServerApplicationContext [main] Root WebApplicationContext: initialization completed in 889 ms
2022-03-25 18:06:43,036 INFO org.hibernate.jpa.internal.util.LogHelper [main] HHH000204: Processing PersistenceUnitInfo [name: default]
2022-03-25 18:06:43,055 INFO org.hibernate.Version [main] HHH000412: Hibernate ORM core version 5.4.30.Final
2022-03-25 18:06:43,098 INFO org.hibernate.annotations.common.Version [main] HCANN000001: Hibernate Commons Annotations {5.1.2.Final}
2022-03-25 18:06:43,158 INFO com.zaxxer.hikari.HikariDataSource [main] HikariPool-1 - Starting...
2022-03-25 18:06:43,196 INFO com.zaxxer.hikari.HikariDataSource [main] HikariPool-1 - Start completed.
2022-03-25 18:06:43,205 INFO org.hibernate.dialect.Dialect [main] HHH000400: Using dialect: org.hibernate.dialect.PostgreSQL10Dialect
2022-03-25 18:06:43,245 INFO org.hibernate.envers.boot.internal.EnversServiceImpl [main] Envers integration enabled? : true
2022-03-25 18:06:44,325 INFO org.hibernate.engine.transaction.jta.platform.internal.JtaPlatformInitiator [main] HHH000490: Using JtaPlatform implementation: [org.hibernate.engine.transaction.jta.platform.internal.NoJtaPlatform]
2022-03-25 18:06:44,329 INFO org.springframework.orm.jpa.LocalContainerEntityManagerFactoryBean [main] Initialized JPA EntityManagerFactory for persistence unit 'default'
2022-03-25 18:06:45,466 WARN org.springframework.boot.autoconfigure.orm.jpa.JpaBaseConfiguration$JpaWebConfiguration [main] spring.jpa.open-in-view is enabled by default. Therefore, database queries may be performed during view rendering. Explicitly configure spring.jpa.open-in-view to disable this warning
2022-03-25 18:06:45,567 INFO org.springframework.scheduling.concurrent.ThreadPoolTaskExecutor [main] Initializing ExecutorService 'applicationTaskExecutor'
2022-03-25 18:06:45,728 INFO org.springframework.scheduling.concurrent.ThreadPoolTaskScheduler [main] Initializing ExecutorService 'taskScheduler'
2022-03-25 18:06:45,743 INFO org.apache.coyote.http11.Http11NioProtocol [main] Starting ProtocolHandler ["http-nio-8081"]
2022-03-25 18:06:45,752 INFO org.springframework.boot.web.embedded.tomcat.TomcatWebServer [main] Tomcat started on port(s): 8081 (http) with context path ''
2022-03-25 18:06:45,759 INFO br.jus.jfsp.nuit.contadoria.Application [main] Started Application in 3.929 seconds (JVM running for 4.201)
2022-03-25 18:06:50,002 INFO br.jus.jfsp.nuit.contadoria.service.BtnMensalService [scheduling-1] Iniciando importação BTN Mensal
2022-03-25 18:06:50,338 INFO br.jus.jfsp.nuit.contadoria.service.BtnMensalService [scheduling-1] Encerrando importação BTN Mensal
2022-03-25 18:06:50,338 INFO br.jus.jfsp.nuit.contadoria.service.InpcService [scheduling-1] Iniciando importação INPC
2022-03-25 18:06:50,885 INFO br.jus.jfsp.nuit.contadoria.service.InpcService [scheduling-1] Encerrando importação BTN Mensal
2022-03-25 18:07:00,001 INFO br.jus.jfsp.nuit.contadoria.service.BtnMensalService [scheduling-1] Iniciando importação BTN Mensal
2022-03-25 18:07:00,110 INFO br.jus.jfsp.nuit.contadoria.service.BtnMensalService [scheduling-1] Encerrando importação BTN Mensal
2022-03-25 18:07:00,111 INFO br.jus.jfsp.nuit.contadoria.service.InpcService [scheduling-1] Iniciando importação INPC
2022-03-25 18:07:00,216 INFO br.jus.jfsp.nuit.contadoria.service.InpcService [scheduling-1] Encerrando importação BTN Mensal
2022-03-25 18:07:10,000 INFO br.jus.jfsp.nuit.contadoria.service.BtnMensalService [scheduling-1] Iniciando importação BTN Mensal
2022-03-25 18:07:10,118 INFO br.jus.jfsp.nuit.contadoria.service.BtnMensalService [scheduling-1] Encerrando importação BTN Mensal
2022-03-25 18:07:10,118 INFO br.jus.jfsp.nuit.contadoria.service.InpcService [scheduling-1] Iniciando importação INPC
2022-03-25 18:07:10,268 INFO br.jus.jfsp.nuit.contadoria.service.InpcService [scheduling-1] Encerrando importação BTN Mensal
2022-03-25 18:07:20,000 INFO br.jus.jfsp.nuit.contadoria.service.BtnMensalService [scheduling-1] Iniciando importação BTN Mensal
2022-03-25 18:07:20,353 INFO br.jus.jfsp.nuit.contadoria.service.BtnMensalService [scheduling-1] Encerrando importação BTN Mensal
2022-03-25 18:07:20,353 INFO br.jus.jfsp.nuit.contadoria.service.InpcService [scheduling-1] Iniciando importação INPC
2022-03-25 18:07:20,497 INFO br.jus.jfsp.nuit.contadoria.service.InpcService [scheduling-1] Encerrando importação BTN Mensal
2022-03-25 18:07:30,000 INFO br.jus.jfsp.nuit.contadoria.service.BtnMensalService [scheduling-1] Iniciando importação BTN Mensal
2022-03-25 18:07:30,110 INFO br.jus.jfsp.nuit.contadoria.service.BtnMensalService [scheduling-1] Encerrando importação BTN Mensal
2022-03-25 18:07:30,110 INFO br.jus.jfsp.nuit.contadoria.service.InpcService [scheduling-1] Iniciando importação INPC
2022-03-25 18:07:30,259 INFO br.jus.jfsp.nuit.contadoria.service.InpcService [scheduling-1] Encerrando importação BTN Mensal
2022-03-25 18:07:40,001 INFO br.jus.jfsp.nuit.contadoria.service.BtnMensalService [scheduling-1] Iniciando importação BTN Mensal
2022-03-25 18:07:40,100 INFO br.jus.jfsp.nuit.contadoria.service.BtnMensalService [scheduling-1] Encerrando importação BTN Mensal
2022-03-25 18:07:40,100 INFO br.jus.jfsp.nuit.contadoria.service.InpcService [scheduling-1] Iniciando importação INPC
2022-03-25 18:07:40,224 INFO br.jus.jfsp.nuit.contadoria.service.InpcService [scheduling-1] Encerrando importação BTN Mensal
2022-03-25 18:07:50,000 INFO br.jus.jfsp.nuit.contadoria.service.BtnMensalService [scheduling-1] Iniciando importação BTN Mensal
2022-03-25 18:07:50,129 INFO br.jus.jfsp.nuit.contadoria.service.BtnMensalService [scheduling-1] Encerrando importação BTN Mensal
2022-03-25 18:07:50,129 INFO br.jus.jfsp.nuit.contadoria.service.InpcService [scheduling-1] Iniciando importação INPC
2022-03-25 18:07:50,493 INFO br.jus.jfsp.nuit.contadoria.service.InpcService [scheduling-1] Encerrando importação BTN Mensal
2022-03-25 18:08:00,001 INFO br.jus.jfsp.nuit.contadoria.service.BtnMensalService [scheduling-1] Iniciando importação BTN Mensal
2022-03-25 18:08:00,122 INFO br.jus.jfsp.nuit.contadoria.service.BtnMensalService [scheduling-1] Encerrando importação BTN Mensal
2022-03-25 18:08:00,123 INFO br.jus.jfsp.nuit.contadoria.service.InpcService [scheduling-1] Iniciando importação INPC
2022-03-25 18:08:00,278 INFO br.jus.jfsp.nuit.contadoria.service.InpcService [scheduling-1] Encerrando importação BTN Mensal
2022-03-25 18:08:10,000 INFO br.jus.jfsp.nuit.contadoria.service.BtnMensalService [scheduling-1] Iniciando importação BTN Mensal
2022-03-25 18:08:10,121 INFO br.jus.jfsp.nuit.contadoria.service.BtnMensalService [scheduling-1] Encerrando importação BTN Mensal
2022-03-25 18:08:10,121 INFO br.jus.jfsp.nuit.contadoria.service.InpcService [scheduling-1] Iniciando importação INPC
2022-03-25 18:08:10,253 INFO br.jus.jfsp.nuit.contadoria.service.InpcService [scheduling-1] Encerrando importação BTN Mensal
2022-03-25 18:08:20,000 INFO br.jus.jfsp.nuit.contadoria.service.BtnMensalService [scheduling-1] Iniciando importação BTN Mensal
2022-03-25 18:08:20,106 INFO br.jus.jfsp.nuit.contadoria.service.BtnMensalService [scheduling-1] Encerrando importação BTN Mensal
2022-03-25 18:08:20,106 INFO br.jus.jfsp.nuit.contadoria.service.InpcService [scheduling-1] Iniciando importação INPC
2022-03-25 18:08:20,258 INFO br.jus.jfsp.nuit.contadoria.service.InpcService [scheduling-1] Encerrando importação BTN Mensal
2022-03-25 18:08:30,001 INFO br.jus.jfsp.nuit.contadoria.service.BtnMensalService [scheduling-1] Iniciando importação BTN Mensal
2022-03-25 18:08:30,107 INFO br.jus.jfsp.nuit.contadoria.service.BtnMensalService [scheduling-1] Encerrando importação BTN Mensal
2022-03-25 18:08:30,108 INFO br.jus.jfsp.nuit.contadoria.service.InpcService [scheduling-1] Iniciando importação INPC
2022-03-25 18:08:30,237 INFO br.jus.jfsp.nuit.contadoria.service.InpcService [scheduling-1] Encerrando importação BTN Mensal
2022-03-25 18:08:40,000 INFO br.jus.jfsp.nuit.contadoria.service.BtnMensalService [scheduling-1] Iniciando importação BTN Mensal
2022-03-25 18:08:40,106 INFO br.jus.jfsp.nuit.contadoria.service.BtnMensalService [scheduling-1] Encerrando importação BTN Mensal
2022-03-25 18:08:40,106 INFO br.jus.jfsp.nuit.contadoria.service.InpcService [scheduling-1] Iniciando importação INPC
2022-03-25 18:08:40,226 INFO br.jus.jfsp.nuit.contadoria.service.InpcService [scheduling-1] Encerrando importação BTN Mensal
2022-03-25 18:08:50,000 INFO br.jus.jfsp.nuit.contadoria.service.BtnMensalService [scheduling-1] Iniciando importação BTN Mensal
2022-03-25 18:08:50,131 INFO br.jus.jfsp.nuit.contadoria.service.BtnMensalService [scheduling-1] Encerrando importação BTN Mensal
2022-03-25 18:08:50,131 INFO br.jus.jfsp.nuit.contadoria.service.InpcService [scheduling-1] Iniciando importação INPC
2022-03-25 18:08:50,465 INFO br.jus.jfsp.nuit.contadoria.service.InpcService [scheduling-1] Encerrando importação BTN Mensal
2022-03-25 18:09:00,000 INFO br.jus.jfsp.nuit.contadoria.service.BtnMensalService [scheduling-1] Iniciando importação BTN Mensal
2022-03-25 18:09:00,109 INFO br.jus.jfsp.nuit.contadoria.service.BtnMensalService [scheduling-1] Encerrando importação BTN Mensal
2022-03-25 18:09:00,109 INFO br.jus.jfsp.nuit.contadoria.service.InpcService [scheduling-1] Iniciando importação INPC
2022-03-25 18:09:00,269 INFO br.jus.jfsp.nuit.contadoria.service.InpcService [scheduling-1] Encerrando importação BTN Mensal
2022-03-25 18:09:10,001 INFO br.jus.jfsp.nuit.contadoria.service.BtnMensalService [scheduling-1] Iniciando importação BTN Mensal
2022-03-25 18:09:10,106 INFO br.jus.jfsp.nuit.contadoria.service.BtnMensalService [scheduling-1] Encerrando importação BTN Mensal
2022-03-25 18:09:10,106 INFO br.jus.jfsp.nuit.contadoria.service.InpcService [scheduling-1] Iniciando importação INPC
2022-03-25 18:09:10,222 INFO br.jus.jfsp.nuit.contadoria.service.InpcService [scheduling-1] Encerrando importação BTN Mensal
2022-03-25 18:09:20,001 INFO br.jus.jfsp.nuit.contadoria.service.BtnMensalService [scheduling-1] Iniciando importação BTN Mensal
2022-03-25 18:09:20,103 INFO br.jus.jfsp.nuit.contadoria.service.BtnMensalService [scheduling-1] Encerrando importação BTN Mensal
2022-03-25 18:09:20,104 INFO br.jus.jfsp.nuit.contadoria.service.InpcService [scheduling-1] Iniciando importação INPC
2022-03-25 18:09:20,233 INFO br.jus.jfsp.nuit.contadoria.service.InpcService [scheduling-1] Encerrando importação BTN Mensal
2022-03-25 18:09:30,001 INFO br.jus.jfsp.nuit.contadoria.service.BtnMensalService [scheduling-1] Iniciando importação BTN Mensal
2022-03-25 18:09:30,111 INFO br.jus.jfsp.nuit.contadoria.service.BtnMensalService [scheduling-1] Encerrando importação BTN Mensal
2022-03-25 18:09:30,111 INFO br.jus.jfsp.nuit.contadoria.service.InpcService [scheduling-1] Iniciando importação INPC
2022-03-25 18:09:30,245 INFO br.jus.jfsp.nuit.contadoria.service.InpcService [scheduling-1] Encerrando importação BTN Mensal
2022-03-25 18:09:40,000 INFO br.jus.jfsp.nuit.contadoria.service.BtnMensalService [scheduling-1] Iniciando importação BTN Mensal
2022-03-25 18:09:40,131 INFO br.jus.jfsp.nuit.contadoria.service.BtnMensalService [scheduling-1] Encerrando importação BTN Mensal
2022-03-25 18:09:40,132 INFO br.jus.jfsp.nuit.contadoria.service.InpcService [scheduling-1] Iniciando importação INPC
2022-03-25 18:09:40,273 INFO br.jus.jfsp.nuit.contadoria.service.InpcService [scheduling-1] Encerrando importação BTN Mensal
2022-03-25 18:09:50,001 INFO br.jus.jfsp.nuit.contadoria.service.BtnMensalService [scheduling-1] Iniciando importação BTN Mensal
2022-03-25 18:09:50,117 INFO br.jus.jfsp.nuit.contadoria.service.BtnMensalService [scheduling-1] Encerrando importação BTN Mensal
2022-03-25 18:09:50,118 INFO br.jus.jfsp.nuit.contadoria.service.InpcService [scheduling-1] Iniciando importação INPC
2022-03-25 18:09:50,258 INFO br.jus.jfsp.nuit.contadoria.service.InpcService [scheduling-1] Encerrando importação BTN Mensal
2022-03-25 18:10:00,001 INFO br.jus.jfsp.nuit.contadoria.service.BtnMensalService [scheduling-1] Iniciando importação BTN Mensal
2022-03-25 18:10:00,108 INFO br.jus.jfsp.nuit.contadoria.service.BtnMensalService [scheduling-1] Encerrando importação BTN Mensal
2022-03-25 18:10:00,108 INFO br.jus.jfsp.nuit.contadoria.service.InpcService [scheduling-1] Iniciando importação INPC
2022-03-25 18:10:00,254 INFO br.jus.jfsp.nuit.contadoria.service.InpcService [scheduling-1] Encerrando importação BTN Mensal
2022-03-25 18:10:10,000 INFO br.jus.jfsp.nuit.contadoria.service.BtnMensalService [scheduling-1] Iniciando importação BTN Mensal
2022-03-25 18:10:10,115 INFO br.jus.jfsp.nuit.contadoria.service.BtnMensalService [scheduling-1] Encerrando importação BTN Mensal
2022-03-25 18:10:10,116 INFO br.jus.jfsp.nuit.contadoria.service.InpcService [scheduling-1] Iniciando importação INPC
2022-03-25 18:10:10,285 INFO br.jus.jfsp.nuit.contadoria.service.InpcService [scheduling-1] Encerrando importação BTN Mensal
2022-03-25 18:10:20,000 INFO br.jus.jfsp.nuit.contadoria.service.BtnMensalService [scheduling-1] Iniciando importação BTN Mensal
2022-03-25 18:10:20,102 INFO br.jus.jfsp.nuit.contadoria.service.BtnMensalService [scheduling-1] Encerrando importação BTN Mensal
2022-03-25 18:10:20,102 INFO br.jus.jfsp.nuit.contadoria.service.InpcService [scheduling-1] Iniciando importação INPC
2022-03-25 18:10:20,237 INFO br.jus.jfsp.nuit.contadoria.service.InpcService [scheduling-1] Encerrando importação BTN Mensal
2022-03-25 18:10:30,001 INFO br.jus.jfsp.nuit.contadoria.service.BtnMensalService [scheduling-1] Iniciando importação BTN Mensal
2022-03-25 18:10:30,112 INFO br.jus.jfsp.nuit.contadoria.service.BtnMensalService [scheduling-1] Encerrando importação BTN Mensal
2022-03-25 18:10:30,112 INFO br.jus.jfsp.nuit.contadoria.service.InpcService [scheduling-1] Iniciando importação INPC
2022-03-25 18:10:30,281 INFO br.jus.jfsp.nuit.contadoria.service.InpcService [scheduling-1] Encerrando importação BTN Mensal
2022-03-25 18:10:40,001 INFO br.jus.jfsp.nuit.contadoria.service.BtnMensalService [scheduling-1] Iniciando importação BTN Mensal
2022-03-25 18:10:40,338 INFO br.jus.jfsp.nuit.contadoria.service.BtnMensalService [scheduling-1] Encerrando importação BTN Mensal
2022-03-25 18:10:40,339 INFO br.jus.jfsp.nuit.contadoria.service.InpcService [scheduling-1] Iniciando importação INPC
2022-03-25 18:10:40,493 INFO br.jus.jfsp.nuit.contadoria.service.InpcService [scheduling-1] Encerrando importação BTN Mensal
2022-03-25 18:10:50,000 INFO br.jus.jfsp.nuit.contadoria.service.BtnMensalService [scheduling-1] Iniciando importação BTN Mensal
2022-03-25 18:10:50,115 INFO br.jus.jfsp.nuit.contadoria.service.BtnMensalService [scheduling-1] Encerrando importação BTN Mensal
2022-03-25 18:10:50,115 INFO br.jus.jfsp.nuit.contadoria.service.InpcService [scheduling-1] Iniciando importação INPC
2022-03-25 18:10:50,260 INFO br.jus.jfsp.nuit.contadoria.service.InpcService [scheduling-1] Encerrando importação BTN Mensal
2022-03-25 18:11:00,000 INFO br.jus.jfsp.nuit.contadoria.service.BtnMensalService [scheduling-1] Iniciando importação BTN Mensal
2022-03-25 18:11:00,116 INFO br.jus.jfsp.nuit.contadoria.service.BtnMensalService [scheduling-1] Encerrando importação BTN Mensal
2022-03-25 18:11:00,117 INFO br.jus.jfsp.nuit.contadoria.service.InpcService [scheduling-1] Iniciando importação INPC
2022-03-25 18:11:00,250 INFO br.jus.jfsp.nuit.contadoria.service.InpcService [scheduling-1] Encerrando importação BTN Mensal
2022-03-25 18:11:10,000 INFO br.jus.jfsp.nuit.contadoria.service.BtnMensalService [scheduling-1] Iniciando importação BTN Mensal
2022-03-25 18:11:10,104 INFO br.jus.jfsp.nuit.contadoria.service.BtnMensalService [scheduling-1] Encerrando importação BTN Mensal
2022-03-25 18:11:10,104 INFO br.jus.jfsp.nuit.contadoria.service.InpcService [scheduling-1] Iniciando importação INPC
2022-03-25 18:11:10,251 INFO br.jus.jfsp.nuit.contadoria.service.InpcService [scheduling-1] Encerrando importação BTN Mensal
2022-03-25 18:11:20,001 INFO br.jus.jfsp.nuit.contadoria.service.BtnMensalService [scheduling-1] Iniciando importação BTN Mensal
2022-03-25 18:11:20,114 INFO br.jus.jfsp.nuit.contadoria.service.BtnMensalService [scheduling-1] Encerrando importação BTN Mensal
2022-03-25 18:11:20,114 INFO br.jus.jfsp.nuit.contadoria.service.InpcService [scheduling-1] Iniciando importação INPC
2022-03-25 18:11:20,250 INFO br.jus.jfsp.nuit.contadoria.service.InpcService [scheduling-1] Encerrando importação BTN Mensal
2022-03-25 18:11:30,000 INFO br.jus.jfsp.nuit.contadoria.service.BtnMensalService [scheduling-1] Iniciando importação BTN Mensal
2022-03-25 18:11:30,125 INFO br.jus.jfsp.nuit.contadoria.service.BtnMensalService [scheduling-1] Encerrando importação BTN Mensal
2022-03-25 18:11:30,126 INFO br.jus.jfsp.nuit.contadoria.service.InpcService [scheduling-1] Iniciando importação INPC
2022-03-25 18:11:30,289 INFO br.jus.jfsp.nuit.contadoria.service.InpcService [scheduling-1] Encerrando importação BTN Mensal
2022-03-25 18:11:40,001 INFO br.jus.jfsp.nuit.contadoria.service.BtnMensalService [scheduling-1] Iniciando importação BTN Mensal
2022-03-25 18:11:40,116 INFO br.jus.jfsp.nuit.contadoria.service.BtnMensalService [scheduling-1] Encerrando importação BTN Mensal
2022-03-25 18:11:40,116 INFO br.jus.jfsp.nuit.contadoria.service.InpcService [scheduling-1] Iniciando importação INPC
2022-03-25 18:11:40,279 INFO br.jus.jfsp.nuit.contadoria.service.InpcService [scheduling-1] Encerrando importação BTN Mensal
2022-03-25 18:11:50,001 INFO br.jus.jfsp.nuit.contadoria.service.BtnMensalService [scheduling-1] Iniciando importação BTN Mensal
2022-03-25 18:11:50,114 INFO br.jus.jfsp.nuit.contadoria.service.BtnMensalService [scheduling-1] Encerrando importação BTN Mensal
2022-03-25 18:11:50,114 INFO br.jus.jfsp.nuit.contadoria.service.InpcService [scheduling-1] Iniciando importação INPC
2022-03-25 18:11:50,258 INFO br.jus.jfsp.nuit.contadoria.service.InpcService [scheduling-1] Encerrando importação BTN Mensal
2022-03-25 18:12:00,000 INFO br.jus.jfsp.nuit.contadoria.service.BtnMensalService [scheduling-1] Iniciando importação BTN Mensal
2022-03-25 18:12:00,096 INFO br.jus.jfsp.nuit.contadoria.service.BtnMensalService [scheduling-1] Encerrando importação BTN Mensal
2022-03-25 18:12:00,096 INFO br.jus.jfsp.nuit.contadoria.service.InpcService [scheduling-1] Iniciando importação INPC
2022-03-25 18:12:00,211 INFO br.jus.jfsp.nuit.contadoria.service.InpcService [scheduling-1] Encerrando importação BTN Mensal
2022-03-25 18:12:10,000 INFO br.jus.jfsp.nuit.contadoria.service.BtnMensalService [scheduling-1] Iniciando importação BTN Mensal
2022-03-25 18:12:10,123 INFO br.jus.jfsp.nuit.contadoria.service.BtnMensalService [scheduling-1] Encerrando importação BTN Mensal
2022-03-25 18:12:10,123 INFO br.jus.jfsp.nuit.contadoria.service.InpcService [scheduling-1] Iniciando importação INPC
2022-03-25 18:12:10,300 INFO br.jus.jfsp.nuit.contadoria.service.InpcService [scheduling-1] Encerrando importação BTN Mensal
2022-03-25 18:12:20,000 INFO br.jus.jfsp.nuit.contadoria.service.BtnMensalService [scheduling-1] Iniciando importação BTN Mensal
2022-03-25 18:12:20,115 INFO br.jus.jfsp.nuit.contadoria.service.BtnMensalService [scheduling-1] Encerrando importação BTN Mensal
2022-03-25 18:12:20,115 INFO br.jus.jfsp.nuit.contadoria.service.InpcService [scheduling-1] Iniciando importação INPC
2022-03-25 18:12:20,272 INFO br.jus.jfsp.nuit.contadoria.service.InpcService [scheduling-1] Encerrando importação BTN Mensal
2022-03-25 18:12:30,000 INFO br.jus.jfsp.nuit.contadoria.service.BtnMensalService [scheduling-1] Iniciando importação BTN Mensal
2022-03-25 18:12:30,107 INFO br.jus.jfsp.nuit.contadoria.service.BtnMensalService [scheduling-1] Encerrando importação BTN Mensal
2022-03-25 18:12:30,107 INFO br.jus.jfsp.nuit.contadoria.service.InpcService [scheduling-1] Iniciando importação INPC
2022-03-25 18:12:30,251 INFO br.jus.jfsp.nuit.contadoria.service.InpcService [scheduling-1] Encerrando importação BTN Mensal
2022-03-25 18:12:40,000 INFO br.jus.jfsp.nuit.contadoria.service.BtnMensalService [scheduling-1] Iniciando importação BTN Mensal
2022-03-25 18:12:40,111 INFO br.jus.jfsp.nuit.contadoria.service.BtnMensalService [scheduling-1] Encerrando importação BTN Mensal
2022-03-25 18:12:40,111 INFO br.jus.jfsp.nuit.contadoria.service.InpcService [scheduling-1] Iniciando importação INPC
2022-03-25 18:12:40,358 INFO br.jus.jfsp.nuit.contadoria.service.InpcService [scheduling-1] Encerrando importação BTN Mensal
2022-03-25 18:12:50,000 INFO br.jus.jfsp.nuit.contadoria.service.BtnMensalService [scheduling-1] Iniciando importação BTN Mensal
2022-03-25 18:12:50,128 INFO br.jus.jfsp.nuit.contadoria.service.BtnMensalService [scheduling-1] Encerrando importação BTN Mensal
2022-03-25 18:12:50,128 INFO br.jus.jfsp.nuit.contadoria.service.InpcService [scheduling-1] Iniciando importação INPC
2022-03-25 18:12:50,294 INFO br.jus.jfsp.nuit.contadoria.service.InpcService [scheduling-1] Encerrando importação BTN Mensal
2022-03-25 18:13:00,001 INFO br.jus.jfsp.nuit.contadoria.service.BtnMensalService [scheduling-1] Iniciando importação BTN Mensal
2022-03-25 18:13:00,105 INFO br.jus.jfsp.nuit.contadoria.service.BtnMensalService [scheduling-1] Encerrando importação BTN Mensal
2022-03-25 18:13:00,105 INFO br.jus.jfsp.nuit.contadoria.service.InpcService [scheduling-1] Iniciando importação INPC
2022-03-25 18:13:00,195 INFO br.jus.jfsp.nuit.contadoria.service.InpcService [scheduling-1] Encerrando importação BTN Mensal
2022-03-25 18:13:10,000 INFO br.jus.jfsp.nuit.contadoria.service.BtnMensalService [scheduling-1] Iniciando importação BTN Mensal
2022-03-25 18:13:10,107 INFO br.jus.jfsp.nuit.contadoria.service.BtnMensalService [scheduling-1] Encerrando importação BTN Mensal
2022-03-25 18:13:10,107 INFO br.jus.jfsp.nuit.contadoria.service.InpcService [scheduling-1] Iniciando importação INPC
2022-03-25 18:13:10,229 INFO br.jus.jfsp.nuit.contadoria.service.InpcService [scheduling-1] Encerrando importação BTN Mensal
2022-03-25 18:13:20,000 INFO br.jus.jfsp.nuit.contadoria.service.BtnMensalService [scheduling-1] Iniciando importação BTN Mensal
2022-03-25 18:13:20,131 INFO br.jus.jfsp.nuit.contadoria.service.BtnMensalService [scheduling-1] Encerrando importação BTN Mensal
2022-03-25 18:13:20,131 INFO br.jus.jfsp.nuit.contadoria.service.InpcService [scheduling-1] Iniciando importação INPC
2022-03-25 18:13:20,281 INFO br.jus.jfsp.nuit.contadoria.service.InpcService [scheduling-1] Encerrando importação BTN Mensal
2022-03-25 18:13:30,001 INFO br.jus.jfsp.nuit.contadoria.service.BtnMensalService [scheduling-1] Iniciando importação BTN Mensal
2022-03-25 18:13:30,219 INFO br.jus.jfsp.nuit.contadoria.service.BtnMensalService [scheduling-1] Encerrando importação BTN Mensal
2022-03-25 18:13:30,219 INFO br.jus.jfsp.nuit.contadoria.service.InpcService [scheduling-1] Iniciando importação INPC
2022-03-25 18:13:30,365 INFO br.jus.jfsp.nuit.contadoria.service.InpcService [scheduling-1] Encerrando importação BTN Mensal
2022-03-25 18:13:40,001 INFO br.jus.jfsp.nuit.contadoria.service.BtnMensalService [scheduling-1] Iniciando importação BTN Mensal
2022-03-25 18:13:40,105 INFO br.jus.jfsp.nuit.contadoria.service.BtnMensalService [scheduling-1] Encerrando importação BTN Mensal
2022-03-25 18:13:40,106 INFO br.jus.jfsp.nuit.contadoria.service.InpcService [scheduling-1] Iniciando importação INPC
2022-03-25 18:13:40,243 INFO br.jus.jfsp.nuit.contadoria.service.InpcService [scheduling-1] Encerrando importação BTN Mensal
2022-03-25 18:13:50,001 INFO br.jus.jfsp.nuit.contadoria.service.BtnMensalService [scheduling-1] Iniciando importação BTN Mensal
2022-03-25 18:13:50,119 INFO br.jus.jfsp.nuit.contadoria.service.BtnMensalService [scheduling-1] Encerrando importação BTN Mensal
2022-03-25 18:13:50,119 INFO br.jus.jfsp.nuit.contadoria.service.InpcService [scheduling-1] Iniciando importação INPC
2022-03-25 18:13:50,245 INFO br.jus.jfsp.nuit.contadoria.service.InpcService [scheduling-1] Encerrando importação BTN Mensal
2022-03-25 18:14:00,001 INFO br.jus.jfsp.nuit.contadoria.service.BtnMensalService [scheduling-1] Iniciando importação BTN Mensal
2022-03-25 18:14:00,118 INFO br.jus.jfsp.nuit.contadoria.service.BtnMensalService [scheduling-1] Encerrando importação BTN Mensal
2022-03-25 18:14:00,118 INFO br.jus.jfsp.nuit.contadoria.service.InpcService [scheduling-1] Iniciando importação INPC
2022-03-25 18:14:00,235 INFO br.jus.jfsp.nuit.contadoria.service.InpcService [scheduling-1] Encerrando importação BTN Mensal
2022-03-25 18:14:10,000 INFO br.jus.jfsp.nuit.contadoria.service.BtnMensalService [scheduling-1] Iniciando importação BTN Mensal
2022-03-25 18:14:10,144 INFO br.jus.jfsp.nuit.contadoria.service.BtnMensalService [scheduling-1] Encerrando importação BTN Mensal
2022-03-25 18:14:10,144 INFO br.jus.jfsp.nuit.contadoria.service.InpcService [scheduling-1] Iniciando importação INPC
2022-03-25 18:14:10,287 INFO br.jus.jfsp.nuit.contadoria.service.InpcService [scheduling-1] Encerrando importação BTN Mensal
2022-03-25 18:14:20,000 INFO br.jus.jfsp.nuit.contadoria.service.BtnMensalService [scheduling-1] Iniciando importação BTN Mensal
2022-03-25 18:14:20,124 INFO br.jus.jfsp.nuit.contadoria.service.BtnMensalService [scheduling-1] Encerrando importação BTN Mensal
2022-03-25 18:14:20,125 INFO br.jus.jfsp.nuit.contadoria.service.InpcService [scheduling-1] Iniciando importação INPC
2022-03-25 18:14:20,260 INFO br.jus.jfsp.nuit.contadoria.service.InpcService [scheduling-1] Encerrando importação BTN Mensal
2022-03-25 18:14:30,000 INFO br.jus.jfsp.nuit.contadoria.service.BtnMensalService [scheduling-1] Iniciando importação BTN Mensal
2022-03-25 18:14:30,102 INFO br.jus.jfsp.nuit.contadoria.service.BtnMensalService [scheduling-1] Encerrando importação BTN Mensal
2022-03-25 18:14:30,103 INFO br.jus.jfsp.nuit.contadoria.service.InpcService [scheduling-1] Iniciando importação INPC
2022-03-25 18:14:30,246 INFO br.jus.jfsp.nuit.contadoria.service.InpcService [scheduling-1] Encerrando importação BTN Mensal
2022-03-25 18:14:40,001 INFO br.jus.jfsp.nuit.contadoria.service.BtnMensalService [scheduling-1] Iniciando importação BTN Mensal
2022-03-25 18:14:40,118 INFO br.jus.jfsp.nuit.contadoria.service.BtnMensalService [scheduling-1] Encerrando importação BTN Mensal
2022-03-25 18:14:40,118 INFO br.jus.jfsp.nuit.contadoria.service.InpcService [scheduling-1] Iniciando importação INPC
2022-03-25 18:14:40,248 INFO br.jus.jfsp.nuit.contadoria.service.InpcService [scheduling-1] Encerrando importação BTN Mensal
2022-03-25 18:14:50,000 INFO br.jus.jfsp.nuit.contadoria.service.BtnMensalService [scheduling-1] Iniciando importação BTN Mensal
2022-03-25 18:14:50,120 INFO br.jus.jfsp.nuit.contadoria.service.BtnMensalService [scheduling-1] Encerrando importação BTN Mensal
2022-03-25 18:14:50,120 INFO br.jus.jfsp.nuit.contadoria.service.InpcService [scheduling-1] Iniciando importação INPC
2022-03-25 18:14:50,248 INFO br.jus.jfsp.nuit.contadoria.service.InpcService [scheduling-1] Encerrando importação BTN Mensal
2022-03-25 18:15:00,001 INFO br.jus.jfsp.nuit.contadoria.service.BtnMensalService [scheduling-1] Iniciando importação BTN Mensal
2022-03-25 18:15:00,126 INFO br.jus.jfsp.nuit.contadoria.service.BtnMensalService [scheduling-1] Encerrando importação BTN Mensal
2022-03-25 18:15:00,126 INFO br.jus.jfsp.nuit.contadoria.service.InpcService [scheduling-1] Iniciando importação INPC
2022-03-25 18:15:00,235 INFO br.jus.jfsp.nuit.contadoria.service.InpcService [scheduling-1] Encerrando importação BTN Mensal
2022-03-25 18:15:10,001 INFO br.jus.jfsp.nuit.contadoria.service.BtnMensalService [scheduling-1] Iniciando importação BTN Mensal
2022-03-25 18:15:10,110 INFO br.jus.jfsp.nuit.contadoria.service.BtnMensalService [scheduling-1] Encerrando importação BTN Mensal
2022-03-25 18:15:10,110 INFO br.jus.jfsp.nuit.contadoria.service.InpcService [scheduling-1] Iniciando importação INPC
2022-03-25 18:15:10,242 INFO br.jus.jfsp.nuit.contadoria.service.InpcService [scheduling-1] Encerrando importação BTN Mensal
2022-03-25 18:15:20,001 INFO br.jus.jfsp.nuit.contadoria.service.BtnMensalService [scheduling-1] Iniciando importação BTN Mensal
2022-03-25 18:15:20,119 INFO br.jus.jfsp.nuit.contadoria.service.BtnMensalService [scheduling-1] Encerrando importação BTN Mensal
2022-03-25 18:15:20,119 INFO br.jus.jfsp.nuit.contadoria.service.InpcService [scheduling-1] Iniciando importação INPC
2022-03-25 18:15:20,252 INFO br.jus.jfsp.nuit.contadoria.service.InpcService [scheduling-1] Encerrando importação BTN Mensal
2022-03-25 18:15:30,001 INFO br.jus.jfsp.nuit.contadoria.service.BtnMensalService [scheduling-1] Iniciando importação BTN Mensal
2022-03-25 18:15:30,112 INFO br.jus.jfsp.nuit.contadoria.service.BtnMensalService [scheduling-1] Encerrando importação BTN Mensal
2022-03-25 18:15:30,112 INFO br.jus.jfsp.nuit.contadoria.service.InpcService [scheduling-1] Iniciando importação INPC
2022-03-25 18:15:30,263 INFO br.jus.jfsp.nuit.contadoria.service.InpcService [scheduling-1] Encerrando importação BTN Mensal
2022-03-25 18:15:40,000 INFO br.jus.jfsp.nuit.contadoria.service.BtnMensalService [scheduling-1] Iniciando importação BTN Mensal
2022-03-25 18:15:40,110 INFO br.jus.jfsp.nuit.contadoria.service.BtnMensalService [scheduling-1] Encerrando importação BTN Mensal
2022-03-25 18:15:40,111 INFO br.jus.jfsp.nuit.contadoria.service.InpcService [scheduling-1] Iniciando importação INPC
2022-03-25 18:15:40,245 INFO br.jus.jfsp.nuit.contadoria.service.InpcService [scheduling-1] Encerrando importação BTN Mensal
2022-03-25 18:15:50,000 INFO br.jus.jfsp.nuit.contadoria.service.BtnMensalService [scheduling-1] Iniciando importação BTN Mensal
2022-03-25 18:15:50,109 INFO br.jus.jfsp.nuit.contadoria.service.BtnMensalService [scheduling-1] Encerrando importação BTN Mensal
2022-03-25 18:15:50,109 INFO br.jus.jfsp.nuit.contadoria.service.InpcService [scheduling-1] Iniciando importação INPC
2022-03-25 18:15:50,246 INFO br.jus.jfsp.nuit.contadoria.service.InpcService [scheduling-1] Encerrando importação BTN Mensal
2022-03-25 18:16:00,000 INFO br.jus.jfsp.nuit.contadoria.service.BtnMensalService [scheduling-1] Iniciando importação BTN Mensal
2022-03-25 18:16:00,111 INFO br.jus.jfsp.nuit.contadoria.service.BtnMensalService [scheduling-1] Encerrando importação BTN Mensal
2022-03-25 18:16:00,112 INFO br.jus.jfsp.nuit.contadoria.service.InpcService [scheduling-1] Iniciando importação INPC
2022-03-25 18:16:00,240 INFO br.jus.jfsp.nuit.contadoria.service.InpcService [scheduling-1] Encerrando importação BTN Mensal
2022-03-25 18:16:10,001 INFO br.jus.jfsp.nuit.contadoria.service.BtnMensalService [scheduling-1] Iniciando importação BTN Mensal
2022-03-25 18:16:10,114 INFO br.jus.jfsp.nuit.contadoria.service.BtnMensalService [scheduling-1] Encerrando importação BTN Mensal
2022-03-25 18:16:10,114 INFO br.jus.jfsp.nuit.contadoria.service.InpcService [scheduling-1] Iniciando importação INPC
2022-03-25 18:16:10,260 INFO br.jus.jfsp.nuit.contadoria.service.InpcService [scheduling-1] Encerrando importação BTN Mensal
2022-03-25 18:16:20,000 INFO br.jus.jfsp.nuit.contadoria.service.BtnMensalService [scheduling-1] Iniciando importação BTN Mensal
2022-03-25 18:16:20,409 INFO br.jus.jfsp.nuit.contadoria.service.BtnMensalService [scheduling-1] Encerrando importação BTN Mensal
2022-03-25 18:16:20,409 INFO br.jus.jfsp.nuit.contadoria.service.InpcService [scheduling-1] Iniciando importação INPC
2022-03-25 18:16:20,545 INFO br.jus.jfsp.nuit.contadoria.service.InpcService [scheduling-1] Encerrando importação BTN Mensal
2022-03-25 18:16:30,000 INFO br.jus.jfsp.nuit.contadoria.service.BtnMensalService [scheduling-1] Iniciando importação BTN Mensal
2022-03-25 18:16:30,105 INFO br.jus.jfsp.nuit.contadoria.service.BtnMensalService [scheduling-1] Encerrando importação BTN Mensal
2022-03-25 18:16:30,106 INFO br.jus.jfsp.nuit.contadoria.service.InpcService [scheduling-1] Iniciando importação INPC
2022-03-25 18:16:30,250 INFO br.jus.jfsp.nuit.contadoria.service.InpcService [scheduling-1] Encerrando importação BTN Mensal
2022-03-25 18:16:40,000 INFO br.jus.jfsp.nuit.contadoria.service.BtnMensalService [scheduling-1] Iniciando importação BTN Mensal
2022-03-25 18:16:40,377 INFO br.jus.jfsp.nuit.contadoria.service.BtnMensalService [scheduling-1] Encerrando importação BTN Mensal
2022-03-25 18:16:40,378 INFO br.jus.jfsp.nuit.contadoria.service.InpcService [scheduling-1] Iniciando importação INPC
2022-03-25 18:16:40,569 INFO br.jus.jfsp.nuit.contadoria.service.InpcService [scheduling-1] Encerrando importação BTN Mensal
2022-03-25 18:16:50,000 INFO br.jus.jfsp.nuit.contadoria.service.BtnMensalService [scheduling-1] Iniciando importação BTN Mensal
2022-03-25 18:16:50,098 INFO br.jus.jfsp.nuit.contadoria.service.BtnMensalService [scheduling-1] Encerrando importação BTN Mensal
2022-03-25 18:16:50,098 INFO br.jus.jfsp.nuit.contadoria.service.InpcService [scheduling-1] Iniciando importação INPC
2022-03-25 18:16:50,230 INFO br.jus.jfsp.nuit.contadoria.service.InpcService [scheduling-1] Encerrando importação BTN Mensal
2022-03-25 18:17:00,000 INFO br.jus.jfsp.nuit.contadoria.service.BtnMensalService [scheduling-1] Iniciando importação BTN Mensal
2022-03-25 18:17:00,098 INFO br.jus.jfsp.nuit.contadoria.service.BtnMensalService [scheduling-1] Encerrando importação BTN Mensal
2022-03-25 18:17:00,098 INFO br.jus.jfsp.nuit.contadoria.service.InpcService [scheduling-1] Iniciando importação INPC
2022-03-25 18:17:00,233 INFO br.jus.jfsp.nuit.contadoria.service.InpcService [scheduling-1] Encerrando importação BTN Mensal
2022-03-25 18:17:10,000 INFO br.jus.jfsp.nuit.contadoria.service.BtnMensalService [scheduling-1] Iniciando importação BTN Mensal
2022-03-25 18:17:10,104 INFO br.jus.jfsp.nuit.contadoria.service.BtnMensalService [scheduling-1] Encerrando importação BTN Mensal
2022-03-25 18:17:10,104 INFO br.jus.jfsp.nuit.contadoria.service.InpcService [scheduling-1] Iniciando importação INPC
2022-03-25 18:17:10,243 INFO br.jus.jfsp.nuit.contadoria.service.InpcService [scheduling-1] Encerrando importação BTN Mensal
2022-03-25 18:17:20,000 INFO br.jus.jfsp.nuit.contadoria.service.BtnMensalService [scheduling-1] Iniciando importação BTN Mensal
2022-03-25 18:17:20,111 INFO br.jus.jfsp.nuit.contadoria.service.BtnMensalService [scheduling-1] Encerrando importação BTN Mensal
2022-03-25 18:17:20,111 INFO br.jus.jfsp.nuit.contadoria.service.InpcService [scheduling-1] Iniciando importação INPC
2022-03-25 18:17:20,241 INFO br.jus.jfsp.nuit.contadoria.service.InpcService [scheduling-1] Encerrando importação BTN Mensal
2022-03-25 18:17:30,000 INFO br.jus.jfsp.nuit.contadoria.service.BtnMensalService [scheduling-1] Iniciando importação BTN Mensal
2022-03-25 18:17:30,186 INFO br.jus.jfsp.nuit.contadoria.service.BtnMensalService [scheduling-1] Encerrando importação BTN Mensal
2022-03-25 18:17:30,186 INFO br.jus.jfsp.nuit.contadoria.service.InpcService [scheduling-1] Iniciando importação INPC
2022-03-25 18:17:30,320 INFO br.jus.jfsp.nuit.contadoria.service.InpcService [scheduling-1] Encerrando importação BTN Mensal
2022-03-25 18:17:40,001 INFO br.jus.jfsp.nuit.contadoria.service.BtnMensalService [scheduling-1] Iniciando importação BTN Mensal
2022-03-25 18:17:40,111 INFO br.jus.jfsp.nuit.contadoria.service.BtnMensalService [scheduling-1] Encerrando importação BTN Mensal
2022-03-25 18:17:40,111 INFO br.jus.jfsp.nuit.contadoria.service.InpcService [scheduling-1] Iniciando importação INPC
2022-03-25 18:17:40,250 INFO br.jus.jfsp.nuit.contadoria.service.InpcService [scheduling-1] Encerrando importação BTN Mensal
2022-03-25 18:17:50,000 INFO br.jus.jfsp.nuit.contadoria.service.BtnMensalService [scheduling-1] Iniciando importação BTN Mensal
2022-03-25 18:17:50,116 INFO br.jus.jfsp.nuit.contadoria.service.BtnMensalService [scheduling-1] Encerrando importação BTN Mensal
2022-03-25 18:17:50,116 INFO br.jus.jfsp.nuit.contadoria.service.InpcService [scheduling-1] Iniciando importação INPC
2022-03-25 18:17:50,233 INFO br.jus.jfsp.nuit.contadoria.service.InpcService [scheduling-1] Encerrando importação BTN Mensal
2022-03-25 18:18:00,000 INFO br.jus.jfsp.nuit.contadoria.service.BtnMensalService [scheduling-1] Iniciando importação BTN Mensal
2022-03-25 18:18:00,111 INFO br.jus.jfsp.nuit.contadoria.service.BtnMensalService [scheduling-1] Encerrando importação BTN Mensal
2022-03-25 18:18:00,111 INFO br.jus.jfsp.nuit.contadoria.service.InpcService [scheduling-1] Iniciando importação INPC
2022-03-25 18:18:00,275 INFO br.jus.jfsp.nuit.contadoria.service.InpcService [scheduling-1] Encerrando importação BTN Mensal
2022-03-25 18:18:10,000 INFO br.jus.jfsp.nuit.contadoria.service.BtnMensalService [scheduling-1] Iniciando importação BTN Mensal
2022-03-25 18:18:11,857 INFO br.jus.jfsp.nuit.contadoria.service.BtnMensalService [scheduling-1] Encerrando importação BTN Mensal
2022-03-25 18:18:11,858 INFO br.jus.jfsp.nuit.contadoria.service.InpcService [scheduling-1] Iniciando importação INPC
2022-03-25 18:18:11,985 INFO br.jus.jfsp.nuit.contadoria.service.InpcService [scheduling-1] Encerrando importação BTN Mensal
2022-03-25 18:18:20,000 INFO br.jus.jfsp.nuit.contadoria.service.BtnMensalService [scheduling-1] Iniciando importação BTN Mensal
2022-03-25 18:18:20,111 INFO br.jus.jfsp.nuit.contadoria.service.BtnMensalService [scheduling-1] Encerrando importação BTN Mensal
2022-03-25 18:18:20,112 INFO br.jus.jfsp.nuit.contadoria.service.InpcService [scheduling-1] Iniciando importação INPC
2022-03-25 18:18:20,237 INFO br.jus.jfsp.nuit.contadoria.service.InpcService [scheduling-1] Encerrando importação BTN Mensal
2022-03-25 18:18:30,001 INFO br.jus.jfsp.nuit.contadoria.service.BtnMensalService [scheduling-1] Iniciando importação BTN Mensal
2022-03-25 18:18:30,110 INFO br.jus.jfsp.nuit.contadoria.service.BtnMensalService [scheduling-1] Encerrando importação BTN Mensal
2022-03-25 18:18:30,110 INFO br.jus.jfsp.nuit.contadoria.service.InpcService [scheduling-1] Iniciando importação INPC
2022-03-25 18:18:30,244 INFO br.jus.jfsp.nuit.contadoria.service.InpcService [scheduling-1] Encerrando importação BTN Mensal
2022-03-25 18:18:40,000 INFO br.jus.jfsp.nuit.contadoria.service.BtnMensalService [scheduling-1] Iniciando importação BTN Mensal
2022-03-25 18:18:40,104 INFO br.jus.jfsp.nuit.contadoria.service.BtnMensalService [scheduling-1] Encerrando importação BTN Mensal
2022-03-25 18:18:40,104 INFO br.jus.jfsp.nuit.contadoria.service.InpcService [scheduling-1] Iniciando importação INPC
2022-03-25 18:18:40,230 INFO br.jus.jfsp.nuit.contadoria.service.InpcService [scheduling-1] Encerrando importação BTN Mensal
2022-03-25 18:18:50,000 INFO br.jus.jfsp.nuit.contadoria.service.BtnMensalService [scheduling-1] Iniciando importação BTN Mensal
2022-03-25 18:18:50,113 INFO br.jus.jfsp.nuit.contadoria.service.BtnMensalService [scheduling-1] Encerrando importação BTN Mensal
2022-03-25 18:18:50,113 INFO br.jus.jfsp.nuit.contadoria.service.InpcService [scheduling-1] Iniciando importação INPC
2022-03-25 18:18:50,247 INFO br.jus.jfsp.nuit.contadoria.service.InpcService [scheduling-1] Encerrando importação BTN Mensal
2022-03-25 18:19:00,000 INFO br.jus.jfsp.nuit.contadoria.service.BtnMensalService [scheduling-1] Iniciando importação BTN Mensal
2022-03-25 18:19:00,104 INFO br.jus.jfsp.nuit.contadoria.service.BtnMensalService [scheduling-1] Encerrando importação BTN Mensal
2022-03-25 18:19:00,104 INFO br.jus.jfsp.nuit.contadoria.service.InpcService [scheduling-1] Iniciando importação INPC
2022-03-25 18:19:00,228 INFO br.jus.jfsp.nuit.contadoria.service.InpcService [scheduling-1] Encerrando importação BTN Mensal
2022-03-25 18:19:00,639 INFO org.springframework.scheduling.concurrent.ThreadPoolTaskScheduler [SpringContextShutdownHook] Shutting down ExecutorService 'taskScheduler'
2022-03-25 18:19:00,639 INFO org.springframework.scheduling.concurrent.ThreadPoolTaskExecutor [SpringContextShutdownHook] Shutting down ExecutorService 'applicationTaskExecutor'
2022-03-25 18:19:00,646 INFO org.springframework.orm.jpa.LocalContainerEntityManagerFactoryBean [SpringContextShutdownHook] Closing JPA EntityManagerFactory for persistence unit 'default'
2022-03-25 18:19:00,647 INFO com.zaxxer.hikari.HikariDataSource [SpringContextShutdownHook] HikariPool-1 - Shutdown initiated...
2022-03-25 18:19:00,653 INFO com.zaxxer.hikari.HikariDataSource [SpringContextShutdownHook] HikariPool-1 - Shutdown completed.
